Analysis & Synthesis report for proyectoFinal
Wed Nov 22 17:23:14 2017
Quartus II 64-Bit Version 13.0.1 Build 232 06/12/2013 Service Pack 1 SJ Web Edition


---------------------
; Table of Contents ;
---------------------
  1. Legal Notice
  2. Analysis & Synthesis Summary
  3. Analysis & Synthesis Settings
  4. Parallel Compilation
  5. Analysis & Synthesis Source Files Read
  6. Analysis & Synthesis Resource Usage Summary
  7. Analysis & Synthesis Resource Utilization by Entity
  8. State Machine - |proyectoFinal|estados:maquinca|state
  9. State Machine - |proyectoFinal|flancoP:flancoE|state
 10. State Machine - |proyectoFinal|flancoP:flancoT|state
 11. State Machine - |proyectoFinal|flancoP:flancoeR|state
 12. State Machine - |proyectoFinal|flancoP:flancoeNo|state
 13. State Machine - |proyectoFinal|flancoP:flancoeSlot|state
 14. State Machine - |proyectoFinal|flancoP:flancoProgram|state
 15. Registers Removed During Synthesis
 16. General Register Statistics
 17. Source assignments for Top-level Entity: |proyectoFinal
 18. Port Connectivity Checks: "slot:arrSlot"
 19. Port Connectivity Checks: "alphanumerico:alpha|controlador:horasControlador|binToBCD:BCD2seg"
 20. Port Connectivity Checks: "estados:maquinca"
 21. Port Connectivity Checks: "flancoP:flancoE"
 22. Port Connectivity Checks: "flancoP:flancoT"
 23. Port Connectivity Checks: "flancoP:flancoeR"
 24. Port Connectivity Checks: "flancoP:flancoeNo"
 25. Port Connectivity Checks: "flancoP:flancoeSlot"
 26. Port Connectivity Checks: "flancoP:flancoProgram"
 27. Elapsed Time Per Partition
 28. Analysis & Synthesis Messages



----------------
; Legal Notice ;
----------------
Copyright (C) 1991-2013 Altera Corporation
Your use of Altera Corporation's design tools, logic functions 
and other software and tools, and its AMPP partner logic 
functions, and any output files from any of the foregoing 
(including device programming or simulation files), and any 
associated documentation or information are expressly subject 
to the terms and conditions of the Altera Program License 
Subscription Agreement, Altera MegaCore Function License 
Agreement, or other applicable license agreement, including, 
without limitation, that your use is for the sole purpose of 
programming logic devices manufactured by Altera and sold by 
Altera or its authorized distributors.  Please refer to the 
applicable agreement for further details.



+--------------------------------------------------------------------------------------+
; Analysis & Synthesis Summary                                                         ;
+------------------------------------+-------------------------------------------------+
; Analysis & Synthesis Status        ; Successful - Wed Nov 22 17:23:14 2017           ;
; Quartus II 64-Bit Version          ; 13.0.1 Build 232 06/12/2013 SP 1 SJ Web Edition ;
; Revision Name                      ; proyectoFinal                                   ;
; Top-level Entity Name              ; proyectoFinal                                   ;
; Family                             ; Cyclone II                                      ;
; Total logic elements               ; 336                                             ;
;     Total combinational functions  ; 336                                             ;
;     Dedicated logic registers      ; 86                                              ;
; Total registers                    ; 86                                              ;
; Total pins                         ; 37                                              ;
; Total virtual pins                 ; 0                                               ;
; Total memory bits                  ; 0                                               ;
; Embedded Multiplier 9-bit elements ; 0                                               ;
; Total PLLs                         ; 0                                               ;
+------------------------------------+-------------------------------------------------+


+----------------------------------------------------------------------------------------------------------------------+
; Analysis & Synthesis Settings                                                                                        ;
+----------------------------------------------------------------------------+--------------------+--------------------+
; Option                                                                     ; Setting            ; Default Value      ;
+----------------------------------------------------------------------------+--------------------+--------------------+
; Device                                                                     ; EP2C20F484C7       ;                    ;
; Top-level entity name                                                      ; proyectoFinal      ; proyectoFinal      ;
; Family name                                                                ; Cyclone II         ; Cyclone IV GX      ;
; Use smart compilation                                                      ; Off                ; Off                ;
; Enable parallel Assembler and TimeQuest Timing Analyzer during compilation ; On                 ; On                 ;
; Enable compact report table                                                ; Off                ; Off                ;
; Restructure Multiplexers                                                   ; Auto               ; Auto               ;
; Create Debugging Nodes for IP Cores                                        ; Off                ; Off                ;
; Preserve fewer node names                                                  ; On                 ; On                 ;
; Disable OpenCore Plus hardware evaluation                                  ; Off                ; Off                ;
; Verilog Version                                                            ; Verilog_2001       ; Verilog_2001       ;
; VHDL Version                                                               ; VHDL_1993          ; VHDL_1993          ;
; State Machine Processing                                                   ; Auto               ; Auto               ;
; Safe State Machine                                                         ; Off                ; Off                ;
; Extract Verilog State Machines                                             ; On                 ; On                 ;
; Extract VHDL State Machines                                                ; On                 ; On                 ;
; Ignore Verilog initial constructs                                          ; Off                ; Off                ;
; Iteration limit for constant Verilog loops                                 ; 5000               ; 5000               ;
; Iteration limit for non-constant Verilog loops                             ; 250                ; 250                ;
; Add Pass-Through Logic to Inferred RAMs                                    ; On                 ; On                 ;
; Infer RAMs from Raw Logic                                                  ; On                 ; On                 ;
; Parallel Synthesis                                                         ; On                 ; On                 ;
; DSP Block Balancing                                                        ; Auto               ; Auto               ;
; NOT Gate Push-Back                                                         ; On                 ; On                 ;
; Power-Up Don't Care                                                        ; On                 ; On                 ;
; Remove Redundant Logic Cells                                               ; Off                ; Off                ;
; Remove Duplicate Registers                                                 ; On                 ; On                 ;
; Ignore CARRY Buffers                                                       ; Off                ; Off                ;
; Ignore CASCADE Buffers                                                     ; Off                ; Off                ;
; Ignore GLOBAL Buffers                                                      ; Off                ; Off                ;
; Ignore ROW GLOBAL Buffers                                                  ; Off                ; Off                ;
; Ignore LCELL Buffers                                                       ; Off                ; Off                ;
; Ignore SOFT Buffers                                                        ; On                 ; On                 ;
; Limit AHDL Integers to 32 Bits                                             ; Off                ; Off                ;
; Optimization Technique                                                     ; Balanced           ; Balanced           ;
; Carry Chain Length                                                         ; 70                 ; 70                 ;
; Auto Carry Chains                                                          ; On                 ; On                 ;
; Auto Open-Drain Pins                                                       ; On                 ; On                 ;
; Perform WYSIWYG Primitive Resynthesis                                      ; Off                ; Off                ;
; Auto ROM Replacement                                                       ; On                 ; On                 ;
; Auto RAM Replacement                                                       ; On                 ; On                 ;
; Auto Shift Register Replacement                                            ; Auto               ; Auto               ;
; Allow Shift Register Merging across Hierarchies                            ; Auto               ; Auto               ;
; Auto Clock Enable Replacement                                              ; On                 ; On                 ;
; Strict RAM Replacement                                                     ; Off                ; Off                ;
; Allow Synchronous Control Signals                                          ; On                 ; On                 ;
; Force Use of Synchronous Clear Signals                                     ; Off                ; Off                ;
; Auto RAM to Logic Cell Conversion                                          ; Off                ; Off                ;
; Auto Resource Sharing                                                      ; Off                ; Off                ;
; Allow Any RAM Size For Recognition                                         ; Off                ; Off                ;
; Allow Any ROM Size For Recognition                                         ; Off                ; Off                ;
; Allow Any Shift Register Size For Recognition                              ; Off                ; Off                ;
; Use LogicLock Constraints during Resource Balancing                        ; On                 ; On                 ;
; Ignore translate_off and synthesis_off directives                          ; Off                ; Off                ;
; Timing-Driven Synthesis                                                    ; Off                ; Off                ;
; Report Parameter Settings                                                  ; On                 ; On                 ;
; Report Source Assignments                                                  ; On                 ; On                 ;
; Report Connectivity Checks                                                 ; On                 ; On                 ;
; Ignore Maximum Fan-Out Assignments                                         ; Off                ; Off                ;
; Synchronization Register Chain Length                                      ; 2                  ; 2                  ;
; PowerPlay Power Optimization                                               ; Normal compilation ; Normal compilation ;
; HDL message level                                                          ; Level2             ; Level2             ;
; Suppress Register Optimization Related Messages                            ; Off                ; Off                ;
; Number of Removed Registers Reported in Synthesis Report                   ; 5000               ; 5000               ;
; Number of Swept Nodes Reported in Synthesis Report                         ; 5000               ; 5000               ;
; Number of Inverted Registers Reported in Synthesis Report                  ; 100                ; 100                ;
; Clock MUX Protection                                                       ; On                 ; On                 ;
; Auto Gated Clock Conversion                                                ; Off                ; Off                ;
; Block Design Naming                                                        ; Auto               ; Auto               ;
; SDC constraint protection                                                  ; Off                ; Off                ;
; Synthesis Effort                                                           ; Auto               ; Auto               ;
; Shift Register Replacement - Allow Asynchronous Clear Signal               ; On                 ; On                 ;
; Pre-Mapping Resynthesis Optimization                                       ; Off                ; Off                ;
; Analysis & Synthesis Message Level                                         ; Medium             ; Medium             ;
; Disable Register Merging Across Hierarchies                                ; Auto               ; Auto               ;
; Resource Aware Inference For Block RAM                                     ; On                 ; On                 ;
; Synthesis Seed                                                             ; 1                  ; 1                  ;
+----------------------------------------------------------------------------+--------------------+--------------------+


Parallel compilation was disabled, but you have multiple processors available. Enable parallel compilation to reduce compilation time.
+-------------------------------------+
; Parallel Compilation                ;
+----------------------------+--------+
; Processors                 ; Number ;
+----------------------------+--------+
; Number detected on machine ; 4      ;
; Maximum allowed            ; 1      ;
+----------------------------+--------+


+----------------------------------------------------------------------------------------------------------------------------------------------------------------------+
; Analysis & Synthesis Source Files Read                                                                                                                               ;
+----------------------------------+-----------------+-----------------+-------------------------------------------------------------------------------------+---------+
; File Name with User-Entered Path ; Used in Netlist ; File Type       ; File Name with Absolute Path                                                        ; Library ;
+----------------------------------+-----------------+-----------------+-------------------------------------------------------------------------------------+---------+
; estados.vhd                      ; yes             ; User VHDL File  ; C:/Users/Antonio/Desktop/Universidad/Arquitectura 1/proyectoFinal/estados.vhd       ;         ;
; programar.vhd                    ; yes             ; User VHDL File  ; C:/Users/Antonio/Desktop/Universidad/Arquitectura 1/proyectoFinal/programar.vhd     ;         ;
; slot.vhd                         ; yes             ; User VHDL File  ; C:/Users/Antonio/Desktop/Universidad/Arquitectura 1/proyectoFinal/slot.vhd          ;         ;
; binToBCD.vhd                     ; yes             ; User VHDL File  ; C:/Users/Antonio/Desktop/Universidad/Arquitectura 1/proyectoFinal/binToBCD.vhd      ;         ;
; wordTo7seg.vhd                   ; yes             ; User VHDL File  ; C:/Users/Antonio/Desktop/Universidad/Arquitectura 1/proyectoFinal/wordTo7seg.vhd    ;         ;
; controlador.vhd                  ; yes             ; User VHDL File  ; C:/Users/Antonio/Desktop/Universidad/Arquitectura 1/proyectoFinal/controlador.vhd   ;         ;
; alphanumerico.vhd                ; yes             ; User VHDL File  ; C:/Users/Antonio/Desktop/Universidad/Arquitectura 1/proyectoFinal/alphanumerico.vhd ;         ;
; asciiToSeg.vhd                   ; yes             ; User VHDL File  ; C:/Users/Antonio/Desktop/Universidad/Arquitectura 1/proyectoFinal/asciiToSeg.vhd    ;         ;
; divisor.vhd                      ; yes             ; User VHDL File  ; C:/Users/Antonio/Desktop/Universidad/Arquitectura 1/proyectoFinal/divisor.vhd       ;         ;
; flancoP.vhd                      ; yes             ; User VHDL File  ; C:/Users/Antonio/Desktop/Universidad/Arquitectura 1/proyectoFinal/flancoP.vhd       ;         ;
; proyectoFinal.vhd                ; yes             ; User VHDL File  ; C:/Users/Antonio/Desktop/Universidad/Arquitectura 1/proyectoFinal/proyectoFinal.vhd ;         ;
+----------------------------------+-----------------+-----------------+-------------------------------------------------------------------------------------+---------+


+---------------------------------------------------------------------+
; Analysis & Synthesis Resource Usage Summary                         ;
+---------------------------------------------+-----------------------+
; Resource                                    ; Usage                 ;
+---------------------------------------------+-----------------------+
; Estimated Total logic elements              ; 336                   ;
;                                             ;                       ;
; Total combinational functions               ; 336                   ;
; Logic element usage by number of LUT inputs ;                       ;
;     -- 4 input functions                    ; 187                   ;
;     -- 3 input functions                    ; 11                    ;
;     -- <=2 input functions                  ; 138                   ;
;                                             ;                       ;
; Logic elements by mode                      ;                       ;
;     -- normal mode                          ; 254                   ;
;     -- arithmetic mode                      ; 82                    ;
;                                             ;                       ;
; Total registers                             ; 86                    ;
;     -- Dedicated logic registers            ; 86                    ;
;     -- I/O registers                        ; 0                     ;
;                                             ;                       ;
; I/O pins                                    ; 37                    ;
; Embedded Multiplier 9-bit elements          ; 0                     ;
; Maximum fan-out node                        ; divisor:div|clk_state ;
; Maximum fan-out                             ; 63                    ;
; Total fan-out                               ; 1305                  ;
; Average fan-out                             ; 2.84                  ;
+---------------------------------------------+-----------------------+


+--------------------------------------------------------------------------------------------------------------------------------------------------------------------------------------------------------------------------------------------------------+
; Analysis & Synthesis Resource Utilization by Entity                                                                                                                                                                                                    ;
+----------------------------------------+-------------------+--------------+-------------+--------------+---------+-----------+------+--------------+------------------------------------------------------------------------------------+--------------+
; Compilation Hierarchy Node             ; LC Combinationals ; LC Registers ; Memory Bits ; DSP Elements ; DSP 9x9 ; DSP 18x18 ; Pins ; Virtual Pins ; Full Hierarchy Name                                                                ; Library Name ;
+----------------------------------------+-------------------+--------------+-------------+--------------+---------+-----------+------+--------------+------------------------------------------------------------------------------------+--------------+
; |proyectoFinal                         ; 336 (32)          ; 86 (0)       ; 0           ; 0            ; 0       ; 0         ; 37   ; 0            ; |proyectoFinal                                                                     ; work         ;
;    |alphanumerico:alpha|               ; 124 (0)           ; 0 (0)        ; 0           ; 0            ; 0       ; 0         ; 0    ; 0            ; |proyectoFinal|alphanumerico:alpha                                                 ; work         ;
;       |controlador:horasControlador|   ; 63 (0)            ; 0 (0)        ; 0           ; 0            ; 0       ; 0         ; 0    ; 0            ; |proyectoFinal|alphanumerico:alpha|controlador:horasControlador                    ; work         ;
;          |binToBCD:BCD2seg|            ; 63 (63)           ; 0 (0)        ; 0           ; 0            ; 0       ; 0         ; 0    ; 0            ; |proyectoFinal|alphanumerico:alpha|controlador:horasControlador|binToBCD:BCD2seg   ; work         ;
;       |controlador:minutosControlador| ; 61 (0)            ; 0 (0)        ; 0           ; 0            ; 0       ; 0         ; 0    ; 0            ; |proyectoFinal|alphanumerico:alpha|controlador:minutosControlador                  ; work         ;
;          |binToBCD:BCD2seg|            ; 61 (61)           ; 0 (0)        ; 0           ; 0            ; 0       ; 0         ; 0    ; 0            ; |proyectoFinal|alphanumerico:alpha|controlador:minutosControlador|binToBCD:BCD2seg ; work         ;
;    |asciiToSeg:ascii|                  ; 60 (0)            ; 0 (0)        ; 0           ; 0            ; 0       ; 0         ; 0    ; 0            ; |proyectoFinal|asciiToSeg:ascii                                                    ; work         ;
;       |wordTo7seg:segmentoC|           ; 15 (15)           ; 0 (0)        ; 0           ; 0            ; 0       ; 0         ; 0    ; 0            ; |proyectoFinal|asciiToSeg:ascii|wordTo7seg:segmentoC                               ; work         ;
;       |wordTo7seg:segmentoP|           ; 15 (15)           ; 0 (0)        ; 0           ; 0            ; 0       ; 0         ; 0    ; 0            ; |proyectoFinal|asciiToSeg:ascii|wordTo7seg:segmentoP                               ; work         ;
;       |wordTo7seg:segmentoS|           ; 15 (15)           ; 0 (0)        ; 0           ; 0            ; 0       ; 0         ; 0    ; 0            ; |proyectoFinal|asciiToSeg:ascii|wordTo7seg:segmentoS                               ; work         ;
;       |wordTo7seg:segmentoT|           ; 15 (15)           ; 0 (0)        ; 0           ; 0            ; 0       ; 0         ; 0    ; 0            ; |proyectoFinal|asciiToSeg:ascii|wordTo7seg:segmentoT                               ; work         ;
;    |divisor:div|                       ; 30 (30)           ; 24 (24)      ; 0           ; 0            ; 0       ; 0         ; 0    ; 0            ; |proyectoFinal|divisor:div                                                         ; work         ;
;    |programar:horasMinutosBin|         ; 90 (90)           ; 62 (62)      ; 0           ; 0            ; 0       ; 0         ; 0    ; 0            ; |proyectoFinal|programar:horasMinutosBin                                           ; work         ;
+----------------------------------------+-------------------+--------------+-------------+--------------+---------+-----------+------+--------------+------------------------------------------------------------------------------------+--------------+
Note: For table entries with two numbers listed, the numbers in parentheses indicate the number of resources of the given type used by the specific entity alone. The numbers listed outside of parentheses indicate the total resources of the given type used by the specific entity and all of its sub-entities in the hierarchy.


Encoding Type:  One-Hot
+----------------------------------------------------------------------------------------------------------+
; State Machine - |proyectoFinal|estados:maquinca|state                                                    ;
+-----------------+--------------+------------+--------------+------------+-----------------+--------------+
; Name            ; state.tiempo ; state.rept ; state.nombre ; state.slot ; state.programar ; state.espera ;
+-----------------+--------------+------------+--------------+------------+-----------------+--------------+
; state.espera    ; 0            ; 0          ; 0            ; 0          ; 0               ; 0            ;
; state.programar ; 0            ; 0          ; 0            ; 0          ; 1               ; 1            ;
; state.slot      ; 0            ; 0          ; 0            ; 1          ; 0               ; 1            ;
; state.nombre    ; 0            ; 0          ; 1            ; 0          ; 0               ; 1            ;
; state.rept      ; 0            ; 1          ; 0            ; 0          ; 0               ; 1            ;
; state.tiempo    ; 1            ; 0          ; 0            ; 0          ; 0               ; 1            ;
+-----------------+--------------+------------+--------------+------------+-----------------+--------------+


Encoding Type:  One-Hot
+------------------------------------------------------+
; State Machine - |proyectoFinal|flancoP:flancoE|state ;
+----------+----------+----------+---------------------+
; Name     ; state.s2 ; state.s1 ; state.s0            ;
+----------+----------+----------+---------------------+
; state.s0 ; 0        ; 0        ; 0                   ;
; state.s1 ; 0        ; 1        ; 1                   ;
; state.s2 ; 1        ; 0        ; 1                   ;
+----------+----------+----------+---------------------+


Encoding Type:  One-Hot
+------------------------------------------------------+
; State Machine - |proyectoFinal|flancoP:flancoT|state ;
+----------+----------+----------+---------------------+
; Name     ; state.s2 ; state.s1 ; state.s0            ;
+----------+----------+----------+---------------------+
; state.s0 ; 0        ; 0        ; 0                   ;
; state.s1 ; 0        ; 1        ; 1                   ;
; state.s2 ; 1        ; 0        ; 1                   ;
+----------+----------+----------+---------------------+


Encoding Type:  One-Hot
+-------------------------------------------------------+
; State Machine - |proyectoFinal|flancoP:flancoeR|state ;
+----------+----------+----------+----------------------+
; Name     ; state.s2 ; state.s1 ; state.s0             ;
+----------+----------+----------+----------------------+
; state.s0 ; 0        ; 0        ; 0                    ;
; state.s1 ; 0        ; 1        ; 1                    ;
; state.s2 ; 1        ; 0        ; 1                    ;
+----------+----------+----------+----------------------+


Encoding Type:  One-Hot
+--------------------------------------------------------+
; State Machine - |proyectoFinal|flancoP:flancoeNo|state ;
+----------+----------+----------+-----------------------+
; Name     ; state.s2 ; state.s1 ; state.s0              ;
+----------+----------+----------+-----------------------+
; state.s0 ; 0        ; 0        ; 0                     ;
; state.s1 ; 0        ; 1        ; 1                     ;
; state.s2 ; 1        ; 0        ; 1                     ;
+----------+----------+----------+-----------------------+


Encoding Type:  One-Hot
+----------------------------------------------------------+
; State Machine - |proyectoFinal|flancoP:flancoeSlot|state ;
+----------+----------+----------+-------------------------+
; Name     ; state.s2 ; state.s1 ; state.s0                ;
+----------+----------+----------+-------------------------+
; state.s0 ; 0        ; 0        ; 0                       ;
; state.s1 ; 0        ; 1        ; 1                       ;
; state.s2 ; 1        ; 0        ; 1                       ;
+----------+----------+----------+-------------------------+


Encoding Type:  One-Hot
+------------------------------------------------------------+
; State Machine - |proyectoFinal|flancoP:flancoProgram|state ;
+----------+----------+----------+---------------------------+
; Name     ; state.s2 ; state.s1 ; state.s0                  ;
+----------+----------+----------+---------------------------+
; state.s0 ; 0        ; 0        ; 0                         ;
; state.s1 ; 0        ; 1        ; 1                         ;
; state.s2 ; 1        ; 0        ; 1                         ;
+----------+----------+----------+---------------------------+


+-------------------------------------------------------------------------------+
; Registers Removed During Synthesis                                            ;
+----------------------------------------+--------------------------------------+
; Register name                          ; Reason for Removal                   ;
+----------------------------------------+--------------------------------------+
; estados:maquinca|state.espera          ; Stuck at GND due to stuck port clear ;
; estados:maquinca|state.programar       ; Stuck at GND due to stuck port clear ;
; estados:maquinca|state.slot            ; Stuck at GND due to stuck port clear ;
; estados:maquinca|state.nombre          ; Stuck at GND due to stuck port clear ;
; estados:maquinca|state.rept            ; Stuck at GND due to stuck port clear ;
; estados:maquinca|state.tiempo          ; Stuck at GND due to stuck port clear ;
; flancoP:flancoE|state.s0               ; Stuck at GND due to stuck port clear ;
; flancoP:flancoE|state.s1               ; Stuck at GND due to stuck port clear ;
; flancoP:flancoE|state.s2               ; Stuck at GND due to stuck port clear ;
; flancoP:flancoT|state.s0               ; Stuck at GND due to stuck port clear ;
; flancoP:flancoT|state.s1               ; Stuck at GND due to stuck port clear ;
; flancoP:flancoT|state.s2               ; Stuck at GND due to stuck port clear ;
; flancoP:flancoeR|state.s0              ; Stuck at GND due to stuck port clear ;
; flancoP:flancoeR|state.s1              ; Stuck at GND due to stuck port clear ;
; flancoP:flancoeR|state.s2              ; Stuck at GND due to stuck port clear ;
; flancoP:flancoeNo|state.s0             ; Stuck at GND due to stuck port clear ;
; flancoP:flancoeNo|state.s1             ; Stuck at GND due to stuck port clear ;
; flancoP:flancoeNo|state.s2             ; Stuck at GND due to stuck port clear ;
; flancoP:flancoeSlot|state.s0           ; Stuck at GND due to stuck port clear ;
; flancoP:flancoeSlot|state.s1           ; Stuck at GND due to stuck port clear ;
; flancoP:flancoeSlot|state.s2           ; Stuck at GND due to stuck port clear ;
; flancoP:flancoProgram|state.s0         ; Stuck at GND due to stuck port clear ;
; flancoP:flancoProgram|state.s1         ; Stuck at GND due to stuck port clear ;
; flancoP:flancoProgram|state.s2         ; Stuck at GND due to stuck port clear ;
; Total Number of Removed Registers = 24 ;                                      ;
+----------------------------------------+--------------------------------------+


+------------------------------------------------------+
; General Register Statistics                          ;
+----------------------------------------------+-------+
; Statistic                                    ; Value ;
+----------------------------------------------+-------+
; Total registers                              ; 86    ;
; Number of registers using Synchronous Clear  ; 23    ;
; Number of registers using Synchronous Load   ; 0     ;
; Number of registers using Asynchronous Clear ; 0     ;
; Number of registers using Asynchronous Load  ; 0     ;
; Number of registers using Clock Enable       ; 62    ;
; Number of registers using Preset             ; 0     ;
+----------------------------------------------+-------+


+-------------------------------------------------------------+
; Source assignments for Top-level Entity: |proyectoFinal     ;
+------------------------------+-------+------+---------------+
; Assignment                   ; Value ; From ; To            ;
+------------------------------+-------+------+---------------+
; IGNORE_LCELL_BUFFERS         ; off   ; -    ; alphaNume[31] ;
; REMOVE_REDUNDANT_LOGIC_CELLS ; off   ; -    ; alphaNume[31] ;
; IGNORE_LCELL_BUFFERS         ; off   ; -    ; alphaNume[30] ;
; REMOVE_REDUNDANT_LOGIC_CELLS ; off   ; -    ; alphaNume[30] ;
; IGNORE_LCELL_BUFFERS         ; off   ; -    ; alphaNume[29] ;
; REMOVE_REDUNDANT_LOGIC_CELLS ; off   ; -    ; alphaNume[29] ;
; IGNORE_LCELL_BUFFERS         ; off   ; -    ; alphaNume[28] ;
; REMOVE_REDUNDANT_LOGIC_CELLS ; off   ; -    ; alphaNume[28] ;
; IGNORE_LCELL_BUFFERS         ; off   ; -    ; alphaNume[27] ;
; REMOVE_REDUNDANT_LOGIC_CELLS ; off   ; -    ; alphaNume[27] ;
; IGNORE_LCELL_BUFFERS         ; off   ; -    ; alphaNume[26] ;
; REMOVE_REDUNDANT_LOGIC_CELLS ; off   ; -    ; alphaNume[26] ;
; IGNORE_LCELL_BUFFERS         ; off   ; -    ; alphaNume[25] ;
; REMOVE_REDUNDANT_LOGIC_CELLS ; off   ; -    ; alphaNume[25] ;
; IGNORE_LCELL_BUFFERS         ; off   ; -    ; alphaNume[24] ;
; REMOVE_REDUNDANT_LOGIC_CELLS ; off   ; -    ; alphaNume[24] ;
; IGNORE_LCELL_BUFFERS         ; off   ; -    ; alphaNume[23] ;
; REMOVE_REDUNDANT_LOGIC_CELLS ; off   ; -    ; alphaNume[23] ;
; IGNORE_LCELL_BUFFERS         ; off   ; -    ; alphaNume[22] ;
; REMOVE_REDUNDANT_LOGIC_CELLS ; off   ; -    ; alphaNume[22] ;
; IGNORE_LCELL_BUFFERS         ; off   ; -    ; alphaNume[21] ;
; REMOVE_REDUNDANT_LOGIC_CELLS ; off   ; -    ; alphaNume[21] ;
; IGNORE_LCELL_BUFFERS         ; off   ; -    ; alphaNume[20] ;
; REMOVE_REDUNDANT_LOGIC_CELLS ; off   ; -    ; alphaNume[20] ;
; IGNORE_LCELL_BUFFERS         ; off   ; -    ; alphaNume[19] ;
; REMOVE_REDUNDANT_LOGIC_CELLS ; off   ; -    ; alphaNume[19] ;
; IGNORE_LCELL_BUFFERS         ; off   ; -    ; alphaNume[18] ;
; REMOVE_REDUNDANT_LOGIC_CELLS ; off   ; -    ; alphaNume[18] ;
; IGNORE_LCELL_BUFFERS         ; off   ; -    ; alphaNume[17] ;
; REMOVE_REDUNDANT_LOGIC_CELLS ; off   ; -    ; alphaNume[17] ;
; IGNORE_LCELL_BUFFERS         ; off   ; -    ; alphaNume[16] ;
; REMOVE_REDUNDANT_LOGIC_CELLS ; off   ; -    ; alphaNume[16] ;
; IGNORE_LCELL_BUFFERS         ; off   ; -    ; alphaNume[15] ;
; REMOVE_REDUNDANT_LOGIC_CELLS ; off   ; -    ; alphaNume[15] ;
; IGNORE_LCELL_BUFFERS         ; off   ; -    ; alphaNume[14] ;
; REMOVE_REDUNDANT_LOGIC_CELLS ; off   ; -    ; alphaNume[14] ;
; IGNORE_LCELL_BUFFERS         ; off   ; -    ; alphaNume[13] ;
; REMOVE_REDUNDANT_LOGIC_CELLS ; off   ; -    ; alphaNume[13] ;
; IGNORE_LCELL_BUFFERS         ; off   ; -    ; alphaNume[12] ;
; REMOVE_REDUNDANT_LOGIC_CELLS ; off   ; -    ; alphaNume[12] ;
; IGNORE_LCELL_BUFFERS         ; off   ; -    ; alphaNume[11] ;
; REMOVE_REDUNDANT_LOGIC_CELLS ; off   ; -    ; alphaNume[11] ;
; IGNORE_LCELL_BUFFERS         ; off   ; -    ; alphaNume[10] ;
; REMOVE_REDUNDANT_LOGIC_CELLS ; off   ; -    ; alphaNume[10] ;
; IGNORE_LCELL_BUFFERS         ; off   ; -    ; alphaNume[9]  ;
; REMOVE_REDUNDANT_LOGIC_CELLS ; off   ; -    ; alphaNume[9]  ;
; IGNORE_LCELL_BUFFERS         ; off   ; -    ; alphaNume[8]  ;
; REMOVE_REDUNDANT_LOGIC_CELLS ; off   ; -    ; alphaNume[8]  ;
; IGNORE_LCELL_BUFFERS         ; off   ; -    ; alphaNume[7]  ;
; REMOVE_REDUNDANT_LOGIC_CELLS ; off   ; -    ; alphaNume[7]  ;
; IGNORE_LCELL_BUFFERS         ; off   ; -    ; alphaNume[6]  ;
; REMOVE_REDUNDANT_LOGIC_CELLS ; off   ; -    ; alphaNume[6]  ;
; IGNORE_LCELL_BUFFERS         ; off   ; -    ; alphaNume[5]  ;
; REMOVE_REDUNDANT_LOGIC_CELLS ; off   ; -    ; alphaNume[5]  ;
; IGNORE_LCELL_BUFFERS         ; off   ; -    ; alphaNume[4]  ;
; REMOVE_REDUNDANT_LOGIC_CELLS ; off   ; -    ; alphaNume[4]  ;
; IGNORE_LCELL_BUFFERS         ; off   ; -    ; alphaNume[3]  ;
; REMOVE_REDUNDANT_LOGIC_CELLS ; off   ; -    ; alphaNume[3]  ;
; IGNORE_LCELL_BUFFERS         ; off   ; -    ; alphaNume[2]  ;
; REMOVE_REDUNDANT_LOGIC_CELLS ; off   ; -    ; alphaNume[2]  ;
; IGNORE_LCELL_BUFFERS         ; off   ; -    ; alphaNume[1]  ;
; REMOVE_REDUNDANT_LOGIC_CELLS ; off   ; -    ; alphaNume[1]  ;
; IGNORE_LCELL_BUFFERS         ; off   ; -    ; alphaNume[0]  ;
; REMOVE_REDUNDANT_LOGIC_CELLS ; off   ; -    ; alphaNume[0]  ;
+------------------------------+-------+------+---------------+


+----------------------------------------------------------------------------------------------------------------+
; Port Connectivity Checks: "slot:arrSlot"                                                                       ;
+------+--------+----------+-------------------------------------------------------------------------------------+
; Port ; Type   ; Severity ; Details                                                                             ;
+------+--------+----------+-------------------------------------------------------------------------------------+
; r    ; Output ; Info     ; Connected to dangling logic. Logic that only feeds a dangling port will be removed. ;
+------+--------+----------+-------------------------------------------------------------------------------------+


+--------------------------------------------------------------------------------------------------------------------------+
; Port Connectivity Checks: "alphanumerico:alpha|controlador:horasControlador|binToBCD:BCD2seg"                            ;
+----------------+--------+----------+-------------------------------------------------------------------------------------+
; Port           ; Type   ; Severity ; Details                                                                             ;
+----------------+--------+----------+-------------------------------------------------------------------------------------+
; num_bcd[15..8] ; Output ; Info     ; Connected to dangling logic. Logic that only feeds a dangling port will be removed. ;
+----------------+--------+----------+-------------------------------------------------------------------------------------+


+-----------------------------------------------------------------------------------------------------------------------+
; Port Connectivity Checks: "estados:maquinca"                                                                          ;
+-------------+--------+----------+-------------------------------------------------------------------------------------+
; Port        ; Type   ; Severity ; Details                                                                             ;
+-------------+--------+----------+-------------------------------------------------------------------------------------+
; reset       ; Input  ; Info     ; Stuck at GND                                                                        ;
; enescritura ; Output ; Info     ; Connected to dangling logic. Logic that only feeds a dangling port will be removed. ;
+-------------+--------+----------+-------------------------------------------------------------------------------------+


+---------------------------------------------+
; Port Connectivity Checks: "flancoP:flancoE" ;
+-------+-------+----------+------------------+
; Port  ; Type  ; Severity ; Details          ;
+-------+-------+----------+------------------+
; reset ; Input ; Info     ; Stuck at GND     ;
+-------+-------+----------+------------------+


+---------------------------------------------+
; Port Connectivity Checks: "flancoP:flancoT" ;
+-------+-------+----------+------------------+
; Port  ; Type  ; Severity ; Details          ;
+-------+-------+----------+------------------+
; reset ; Input ; Info     ; Stuck at GND     ;
+-------+-------+----------+------------------+


+----------------------------------------------+
; Port Connectivity Checks: "flancoP:flancoeR" ;
+-------+-------+----------+-------------------+
; Port  ; Type  ; Severity ; Details           ;
+-------+-------+----------+-------------------+
; reset ; Input ; Info     ; Stuck at GND      ;
+-------+-------+----------+-------------------+


+-----------------------------------------------+
; Port Connectivity Checks: "flancoP:flancoeNo" ;
+-------+-------+----------+--------------------+
; Port  ; Type  ; Severity ; Details            ;
+-------+-------+----------+--------------------+
; reset ; Input ; Info     ; Stuck at GND       ;
+-------+-------+----------+--------------------+


+-------------------------------------------------+
; Port Connectivity Checks: "flancoP:flancoeSlot" ;
+-------+-------+----------+----------------------+
; Port  ; Type  ; Severity ; Details              ;
+-------+-------+----------+----------------------+
; reset ; Input ; Info     ; Stuck at GND         ;
+-------+-------+----------+----------------------+


+---------------------------------------------------+
; Port Connectivity Checks: "flancoP:flancoProgram" ;
+-------+-------+----------+------------------------+
; Port  ; Type  ; Severity ; Details                ;
+-------+-------+----------+------------------------+
; reset ; Input ; Info     ; Stuck at GND           ;
+-------+-------+----------+------------------------+


+-------------------------------+
; Elapsed Time Per Partition    ;
+----------------+--------------+
; Partition Name ; Elapsed Time ;
+----------------+--------------+
; Top            ; 00:00:02     ;
+----------------+--------------+


+-------------------------------+
; Analysis & Synthesis Messages ;
+-------------------------------+
Info: *******************************************************************
Info: Running Quartus II 64-Bit Analysis & Synthesis
    Info: Version 13.0.1 Build 232 06/12/2013 Service Pack 1 SJ Web Edition
    Info: Processing started: Wed Nov 22 17:23:09 2017
Info: Command: quartus_map --read_settings_files=on --write_settings_files=off proyectoFinal -c proyectoFinal
Warning (20028): Parallel compilation is not licensed and has been disabled
Info (12021): Found 2 design units, including 1 entities, in source file estados.vhd
    Info (12022): Found design unit 1: estados-rtl
    Info (12023): Found entity 1: estados
Info (12021): Found 2 design units, including 1 entities, in source file programar.vhd
    Info (12022): Found design unit 1: programar-structural
    Info (12023): Found entity 1: programar
Info (12021): Found 2 design units, including 1 entities, in source file slot.vhd
    Info (12022): Found design unit 1: slot-behavior
    Info (12023): Found entity 1: slot
Info (12021): Found 2 design units, including 1 entities, in source file bintobcd.vhd
    Info (12022): Found design unit 1: binToBCD-Behavioral
    Info (12023): Found entity 1: binToBCD
Info (12021): Found 2 design units, including 1 entities, in source file wordto7seg.vhd
    Info (12022): Found design unit 1: wordTo7seg-structural
    Info (12023): Found entity 1: wordTo7seg
Info (12021): Found 2 design units, including 1 entities, in source file controlador.vhd
    Info (12022): Found design unit 1: controlador-structural
    Info (12023): Found entity 1: controlador
Info (12021): Found 2 design units, including 1 entities, in source file alphanumerico.vhd
    Info (12022): Found design unit 1: alphanumerico-rtl
    Info (12023): Found entity 1: alphanumerico
Info (12021): Found 2 design units, including 1 entities, in source file asciitoseg.vhd
    Info (12022): Found design unit 1: asciiToSeg-rtl
    Info (12023): Found entity 1: asciiToSeg
Info (12021): Found 2 design units, including 1 entities, in source file divisor.vhd
    Info (12022): Found design unit 1: divisor-rtl
    Info (12023): Found entity 1: divisor
Info (12021): Found 2 design units, including 1 entities, in source file flancop.vhd
    Info (12022): Found design unit 1: flancoP-rtl
    Info (12023): Found entity 1: flancoP
Info (12021): Found 2 design units, including 1 entities, in source file proyectofinal.vhd
    Info (12022): Found design unit 1: proyectoFinal-rtl
    Info (12023): Found entity 1: proyectoFinal
Info (12127): Elaborating entity "proyectoFinal" for the top level hierarchy
Warning (10036): Verilog HDL or VHDL warning at proyectoFinal.vhd(46): object "hora1" assigned a value but never read
Warning (10036): Verilog HDL or VHDL warning at proyectoFinal.vhd(47): object "minuto1" assigned a value but never read
Warning (10036): Verilog HDL or VHDL warning at proyectoFinal.vhd(49): object "hora2" assigned a value but never read
Warning (10036): Verilog HDL or VHDL warning at proyectoFinal.vhd(50): object "minuto2" assigned a value but never read
Warning (10036): Verilog HDL or VHDL warning at proyectoFinal.vhd(52): object "hora3" assigned a value but never read
Warning (10036): Verilog HDL or VHDL warning at proyectoFinal.vhd(53): object "minuto3" assigned a value but never read
Warning (10036): Verilog HDL or VHDL warning at proyectoFinal.vhd(55): object "hora4" assigned a value but never read
Warning (10036): Verilog HDL or VHDL warning at proyectoFinal.vhd(56): object "minuto4" assigned a value but never read
Warning (10036): Verilog HDL or VHDL warning at proyectoFinal.vhd(58): object "hora5" assigned a value but never read
Warning (10036): Verilog HDL or VHDL warning at proyectoFinal.vhd(59): object "minuto5" assigned a value but never read
Info (12128): Elaborating entity "divisor" for hierarchy "divisor:div"
Info (12128): Elaborating entity "flancoP" for hierarchy "flancoP:flancoProgram"
Info (12128): Elaborating entity "estados" for hierarchy "estados:maquinca"
Info (12128): Elaborating entity "programar" for hierarchy "programar:horasMinutosBin"
Info (12128): Elaborating entity "alphanumerico" for hierarchy "alphanumerico:alpha"
Info (12128): Elaborating entity "controlador" for hierarchy "alphanumerico:alpha|controlador:horasControlador"
Info (12128): Elaborating entity "binToBCD" for hierarchy "alphanumerico:alpha|controlador:horasControlador|binToBCD:BCD2seg"
Info (12128): Elaborating entity "asciiToSeg" for hierarchy "asciiToSeg:ascii"
Info (12128): Elaborating entity "wordTo7seg" for hierarchy "asciiToSeg:ascii|wordTo7seg:segmentoP"
Info (12128): Elaborating entity "slot" for hierarchy "slot:arrSlot"
Info (17016): Found the following redundant logic cells in design
    Info (17048): Logic cell "alphaNume[0]"
    Info (17048): Logic cell "alphaNume[5]"
    Info (17048): Logic cell "alphaNume[4]"
    Info (17048): Logic cell "alphaNume[7]"
    Info (17048): Logic cell "alphaNume[6]"
    Info (17048): Logic cell "alphaNume[13]"
    Info (17048): Logic cell "alphaNume[12]"
    Info (17048): Logic cell "alphaNume[15]"
    Info (17048): Logic cell "alphaNume[14]"
    Info (17048): Logic cell "alphaNume[16]"
    Info (17048): Logic cell "alphaNume[21]"
    Info (17048): Logic cell "alphaNume[20]"
    Info (17048): Logic cell "alphaNume[23]"
    Info (17048): Logic cell "alphaNume[22]"
    Info (17048): Logic cell "alphaNume[29]"
    Info (17048): Logic cell "alphaNume[28]"
    Info (17048): Logic cell "alphaNume[31]"
    Info (17048): Logic cell "alphaNume[30]"
Info (16010): Generating hard_block partition "hard_block:auto_generated_inst"
    Info (16011): Adding 0 node(s), including 0 DDIO, 0 PLL, 0 transceiver and 0 LCELL
Warning (21074): Design contains 6 input pin(s) that do not drive logic
    Warning (15610): No output dependent on input pin "boT"
    Warning (15610): No output dependent on input pin "boR"
    Warning (15610): No output dependent on input pin "boNo"
    Warning (15610): No output dependent on input pin "boS"
    Warning (15610): No output dependent on input pin "boP"
    Warning (15610): No output dependent on input pin "boE"
Info (21057): Implemented 373 device resources after synthesis - the final resource count might be different
    Info (21058): Implemented 9 input pins
    Info (21059): Implemented 28 output pins
    Info (21061): Implemented 336 logic cells
Info: Quartus II 64-Bit Analysis & Synthesis was successful. 0 errors, 18 warnings
    Info: Peak virtual memory: 564 megabytes
    Info: Processing ended: Wed Nov 22 17:23:14 2017
    Info: Elapsed time: 00:00:05
    Info: Total CPU time (on all processors): 00:00:04


